[0821/103012:INFO:http_cache_transaction.cc(72)] IgnoreZeroCacheError: 0
[0821/103013:WARNING:url_request_job_manager.cc(89)] Failed to map: weixin://resourceid/blank
[0821/103019:WARNING:url_request_job_manager.cc(89)] Failed to map: weixin://resourceid/blank
[0821/103108:WARNING:url_request_job_manager.cc(89)] Failed to map: weixin://resourceid/blank
[0821/103740:ERROR:CONSOLE(1)] "Uncaught (in promise) TypeError: Cannot read property 'ButtonProvider' of undefined", source: chrome-devtools://devtools/inspector.html (1)
[0821/103847:WARNING:quota_manager.cc(1833)] Create directory failed for path
[0821/103847:WARNING:quota_manager.cc(1833)] Create directory failed for path
[0821/103905:WARNING:url_request_job_manager.cc(89)] Failed to map: weixin://resourceid/blank
[0821/110847:WARNING:quota_manager.cc(1833)] Create directory failed for path
[0821/113847:WARNING:quota_manager.cc(1833)] Create directory failed for path
[0821/120847:WARNING:quota_manager.cc(1833)] Create directory failed for path
[0821/123847:WARNING:quota_manager.cc(1833)] Create directory failed for path
[0821/130847:WARNING:quota_manager.cc(1833)] Create directory failed for path
[0821/133847:WARNING:quota_manager.cc(1833)] Create directory failed for path
[0821/140847:WARNING:quota_manager.cc(1833)] Create directory failed for path
[0821/143847:WARNING:quota_manager.cc(1833)] Create directory failed for path
[0821/150847:WARNING:quota_manager.cc(1833)] Create directory failed for path
[0821/153847:WARNING:quota_manager.cc(1833)] Create directory failed for path
[0821/160847:WARNING:quota_manager.cc(1833)] Create directory failed for path
[0821/163847:WARNING:quota_manager.cc(1833)] Create directory failed for path
[0821/170847:WARNING:quota_manager.cc(1833)] Create directory failed for path
[0821/173847:WARNING:quota_manager.cc(1833)] Create directory failed for path
[0821/180847:WARNING:quota_manager.cc(1833)] Create directory failed for path
[0821/183314:WARNING:url_request_job_manager.cc(89)] Failed to map: weixin://resourceid/blank
[0821/183317:WARNING:url_request_job_manager.cc(89)] Failed to map: weixin://resourceid/blank
[0821/183847:WARNING:quota_manager.cc(1833)] Create directory failed for path
[0821/190847:WARNING:quota_manager.cc(1833)] Create directory failed for path
[0821/193847:WARNING:quota_manager.cc(1833)] Create directory failed for path
[0821/200847:WARNING:quota_manager.cc(1833)] Create directory failed for path
[0821/203847:WARNING:quota_manager.cc(1833)] Create directory failed for path
[0821/210847:WARNING:quota_manager.cc(1833)] Create directory failed for path
[0821/213847:WARNING:quota_manager.cc(1833)] Create directory failed for path
[0821/220847:WARNING:quota_manager.cc(1833)] Create directory failed for path
[0821/223847:WARNING:quota_manager.cc(1833)] Create directory failed for path
[0821/230853:WARNING:quota_manager.cc(1833)] Create directory failed for path
[0821/233853:WARNING:quota_manager.cc(1833)] Create directory failed for path
[0822/000853:WARNING:quota_manager.cc(1833)] Create directory failed for path
[0822/003853:WARNING:quota_manager.cc(1833)] Create directory failed for path
[0822/010853:WARNING:quota_manager.cc(1833)] Create directory failed for path
[0822/013853:WARNING:quota_manager.cc(1833)] Create directory failed for path
[0822/020853:WARNING:quota_manager.cc(1833)] Create directory failed for path
[0822/023853:WARNING:quota_manager.cc(1833)] Create directory failed for path
[0822/030853:WARNING:quota_manager.cc(1833)] Create directory failed for path
[0822/033853:WARNING:quota_manager.cc(1833)] Create directory failed for path
[0822/040853:WARNING:quota_manager.cc(1833)] Create directory failed for path
[0822/043853:WARNING:quota_manager.cc(1833)] Create directory failed for path
[0822/050853:WARNING:quota_manager.cc(1833)] Create directory failed for path
[0822/053853:WARNING:quota_manager.cc(1833)] Create directory failed for path
[0822/060853:WARNING:quota_manager.cc(1833)] Create directory failed for path
[0822/063853:WARNING:quota_manager.cc(1833)] Create directory failed for path
[0822/070853:WARNING:quota_manager.cc(1833)] Create directory failed for path
[0822/073853:WARNING:quota_manager.cc(1833)] Create directory failed for path
[0822/080853:WARNING:quota_manager.cc(1833)] Create directory failed for path
[0822/083853:WARNING:quota_manager.cc(1833)] Create directory failed for path
[0822/090306:WARNING:url_request_job_manager.cc(89)] Failed to map: weixin://resourceid/blank
[0822/090853:WARNING:quota_manager.cc(1833)] Create directory failed for path
[0822/093853:WARNING:quota_manager.cc(1833)] Create directory failed for path
[0822/100853:WARNING:quota_manager.cc(1833)] Create directory failed for path
[0822/103853:WARNING:quota_manager.cc(1833)] Create directory failed for path
[0822/110853:WARNING:quota_manager.cc(1833)] Create directory failed for path
[0822/113853:WARNING:quota_manager.cc(1833)] Create directory failed for path
[0822/120853:WARNING:quota_manager.cc(1833)] Create directory failed for path
[0822/123853:WARNING:quota_manager.cc(1833)] Create directory failed for path
[0822/130853:WARNING:quota_manager.cc(1833)] Create directory failed for path
[0822/133853:WARNING:quota_manager.cc(1833)] Create directory failed for path
[0822/140853:WARNING:quota_manager.cc(1833)] Create directory failed for path
[0822/143853:WARNING:quota_manager.cc(1833)] Create directory failed for path
[0822/150853:WARNING:quota_manager.cc(1833)] Create directory failed for path
[0822/153853:WARNING:quota_manager.cc(1833)] Create directory failed for path
[0822/154225:WARNING:url_request_job_manager.cc(89)] Failed to map: weixin://resourceid/blank
[0822/154227:WARNING:url_request_job_manager.cc(89)] Failed to map: weixin://resourceid/blank
[0822/154231:WARNING:url_request_job_manager.cc(89)] Failed to map: weixin://resourceid/blank
[0822/154246:WARNING:url_request_job_manager.cc(89)] Failed to map: weixin://resourceid/blank
[0822/160853:WARNING:quota_manager.cc(1833)] Create directory failed for path
[0822/163853:WARNING:quota_manager.cc(1833)] Create directory failed for path
[0822/170853:WARNING:quota_manager.cc(1833)] Create directory failed for path
[0822/173853:WARNING:quota_manager.cc(1833)] Create directory failed for path
[0822/180853:WARNING:quota_manager.cc(1833)] Create directory failed for path
[0822/183853:WARNING:quota_manager.cc(1833)] Create directory failed for path
[0822/190853:WARNING:quota_manager.cc(1833)] Create directory failed for path
[0822/193853:WARNING:quota_manager.cc(1833)] Create directory failed for path
[0822/200856:WARNING:quota_manager.cc(1833)] Create directory failed for path
[0822/203856:WARNING:quota_manager.cc(1833)] Create directory failed for path
[0822/210856:WARNING:quota_manager.cc(1833)] Create directory failed for path
[0822/213856:WARNING:quota_manager.cc(1833)] Create directory failed for path
[0822/220856:WARNING:quota_manager.cc(1833)] Create directory failed for path
[0822/223856:WARNING:quota_manager.cc(1833)] Create directory failed for path
[0822/230856:WARNING:quota_manager.cc(1833)] Create directory failed for path
[0822/233856:WARNING:quota_manager.cc(1833)] Create directory failed for path
[0823/000856:WARNING:quota_manager.cc(1833)] Create directory failed for path
[0823/003856:WARNING:quota_manager.cc(1833)] Create directory failed for path
[0823/010856:WARNING:quota_manager.cc(1833)] Create directory failed for path
[0823/013856:WARNING:quota_manager.cc(1833)] Create directory failed for path
[0823/020856:WARNING:quota_manager.cc(1833)] Create directory failed for path
[0823/023856:WARNING:quota_manager.cc(1833)] Create directory failed for path
[0823/030856:WARNING:quota_manager.cc(1833)] Create directory failed for path
[0823/033856:WARNING:quota_manager.cc(1833)] Create directory failed for path
[0823/040856:WARNING:quota_manager.cc(1833)] Create directory failed for path
[0823/043856:WARNING:quota_manager.cc(1833)] Create directory failed for path
[0823/050856:WARNING:quota_manager.cc(1833)] Create directory failed for path
[0823/053856:WARNING:quota_manager.cc(1833)] Create directory failed for path
[0823/060856:WARNING:quota_manager.cc(1833)] Create directory failed for path
[0823/063856:WARNING:quota_manager.cc(1833)] Create directory failed for path
[0823/070856:WARNING:quota_manager.cc(1833)] Create directory failed for path
[0823/073856:WARNING:quota_manager.cc(1833)] Create directory failed for path
[0823/080856:WARNING:quota_manager.cc(1833)] Create directory failed for path
[0823/083856:WARNING:quota_manager.cc(1833)] Create directory failed for path
[0823/090856:WARNING:quota_manager.cc(1833)] Create directory failed for path
[0823/093856:WARNING:quota_manager.cc(1833)] Create directory failed for path
[0823/100856:WARNING:quota_manager.cc(1833)] Create directory failed for path
[0823/101006:WARNING:url_request_job_manager.cc(89)] Failed to map: weixin://resourceid/blank
[0906/104952:WARNING:quota_manager.cc(1833)] Create directory failed for path
[0906/111952:WARNING:quota_manager.cc(1833)] Create directory failed for path
[0906/114952:WARNING:quota_manager.cc(1833)] Create directory failed for path
[0906/121952:WARNING:quota_manager.cc(1833)] Create directory failed for path
[0906/124952:WARNING:quota_manager.cc(1833)] Create directory failed for path
[0906/131952:WARNING:quota_manager.cc(1833)] Create directory failed for path
[0906/134952:WARNING:quota_manager.cc(1833)] Create directory failed for path
[0906/141952:WARNING:quota_manager.cc(1833)] Create directory failed for path
[0906/144952:WARNING:quota_manager.cc(1833)] Create directory failed for path
[0906/151952:WARNING:quota_manager.cc(1833)] Create directory failed for path
[0906/154952:WARNING:quota_manager.cc(1833)] Create directory failed for path
[0906/161952:WARNING:quota_manager.cc(1833)] Create directory failed for path
[0906/164952:WARNING:quota_manager.cc(1833)] Create directory failed for path
[0906/171952:WARNING:quota_manager.cc(1833)] Create directory failed for path
[0906/174952:WARNING:quota_manager.cc(1833)] Create directory failed for path
[0906/181952:WARNING:quota_manager.cc(1833)] Create directory failed for path
[0906/184952:WARNING:quota_manager.cc(1833)] Create directory failed for path
[0906/191952:WARNING:quota_manager.cc(1833)] Create directory failed for path
[0906/194952:WARNING:quota_manager.cc(1833)] Create directory failed for path
[0906/201952:WARNING:quota_manager.cc(1833)] Create directory failed for path
[0906/204952:WARNING:quota_manager.cc(1833)] Create directory failed for path
[0906/211955:WARNING:quota_manager.cc(1833)] Create directory failed for path
[0906/214955:WARNING:quota_manager.cc(1833)] Create directory failed for path
[0906/221955:WARNING:quota_manager.cc(1833)] Create directory failed for path
[0906/224955:WARNING:quota_manager.cc(1833)] Create directory failed for path
[0906/231955:WARNING:quota_manager.cc(1833)] Create directory failed for path
[0906/234955:WARNING:quota_manager.cc(1833)] Create directory failed for path
[0907/001955:WARNING:quota_manager.cc(1833)] Create directory failed for path
[0907/004955:WARNING:quota_manager.cc(1833)] Create directory failed for path
[0907/011955:WARNING:quota_manager.cc(1833)] Create directory failed for path
[0907/014955:WARNING:quota_manager.cc(1833)] Create directory failed for path
[0907/021955:WARNING:quota_manager.cc(1833)] Create directory failed for path
[0907/024955:WARNING:quota_manager.cc(1833)] Create directory failed for path
[0907/031956:WARNING:quota_manager.cc(1833)] Create directory failed for path
[0907/034956:WARNING:quota_manager.cc(1833)] Create directory failed for path
[0907/041956:WARNING:quota_manager.cc(1833)] Create directory failed for path
[0907/044956:WARNING:quota_manager.cc(1833)] Create directory failed for path
[0907/051956:WARNING:quota_manager.cc(1833)] Create directory failed for path
[0907/054956:WARNING:quota_manager.cc(1833)] Create directory failed for path
[0907/061956:WARNING:quota_manager.cc(1833)] Create directory failed for path
[0907/064956:WARNING:quota_manager.cc(1833)] Create directory failed for path
[0907/071956:WARNING:quota_manager.cc(1833)] Create directory failed for path
[0907/074956:WARNING:quota_manager.cc(1833)] Create directory failed for path
[0907/081956:WARNING:quota_manager.cc(1833)] Create directory failed for path
[0907/084956:WARNING:quota_manager.cc(1833)] Create directory failed for path
[0907/091956:WARNING:quota_manager.cc(1833)] Create directory failed for path
[0907/094956:WARNING:quota_manager.cc(1833)] Create directory failed for path
[0907/101956:WARNING:quota_manager.cc(1833)] Create directory failed for path
[0907/104956:WARNING:quota_manager.cc(1833)] Create directory failed for path
[0907/111956:WARNING:quota_manager.cc(1833)] Create directory failed for path
[0907/114956:WARNING:quota_manager.cc(1833)] Create directory failed for path
[0907/121956:WARNING:quota_manager.cc(1833)] Create directory failed for path
[0907/124956:WARNING:quota_manager.cc(1833)] Create directory failed for path
[0907/131956:WARNING:quota_manager.cc(1833)] Create directory failed for path
[0907/134956:WARNING:quota_manager.cc(1833)] Create directory failed for path
[0907/141956:WARNING:quota_manager.cc(1833)] Create directory failed for path
[0907/144956:WARNING:quota_manager.cc(1833)] Create directory failed for path
[0907/151956:WARNING:quota_manager.cc(1833)] Create directory failed for path
[0907/154956:WARNING:quota_manager.cc(1833)] Create directory failed for path
[0907/161956:WARNING:quota_manager.cc(1833)] Create directory failed for path
[0907/164956:WARNING:quota_manager.cc(1833)] Create directory failed for path
[0907/171956:WARNING:quota_manager.cc(1833)] Create directory failed for path
[0907/174956:WARNING:quota_manager.cc(1833)] Create directory failed for path
[0907/181956:WARNING:quota_manager.cc(1833)] Create directory failed for path
[0907/184956:WARNING:quota_manager.cc(1833)] Create directory failed for path
[0907/191956:WARNING:quota_manager.cc(1833)] Create directory failed for path
[0907/194956:WARNING:quota_manager.cc(1833)] Create directory failed for path
[0907/201959:WARNING:quota_manager.cc(1833)] Create directory failed for path
[0907/204959:WARNING:quota_manager.cc(1833)] Create directory failed for path
[0907/211959:WARNING:quota_manager.cc(1833)] Create directory failed for path
[0907/214959:WARNING:quota_manager.cc(1833)] Create directory failed for path
[0907/221959:WARNING:quota_manager.cc(1833)] Create directory failed for path
[0907/224959:WARNING:quota_manager.cc(1833)] Create directory failed for path
[0907/231959:WARNING:quota_manager.cc(1833)] Create directory failed for path
[0907/234959:WARNING:quota_manager.cc(1833)] Create directory failed for path
[0908/001959:WARNING:quota_manager.cc(1833)] Create directory failed for path
[0908/004959:WARNING:quota_manager.cc(1833)] Create directory failed for path
[0908/011959:WARNING:quota_manager.cc(1833)] Create directory failed for path
[0908/014959:WARNING:quota_manager.cc(1833)] Create directory failed for path
[0908/021959:WARNING:quota_manager.cc(1833)] Create directory failed for path
[0908/024959:WARNING:quota_manager.cc(1833)] Create directory failed for path
[0908/031959:WARNING:quota_manager.cc(1833)] Create directory failed for path
[0908/034959:WARNING:quota_manager.cc(1833)] Create directory failed for path
[0908/041959:WARNING:quota_manager.cc(1833)] Create directory failed for path
[0908/044959:WARNING:quota_manager.cc(1833)] Create directory failed for path
[0908/051959:WARNING:quota_manager.cc(1833)] Create directory failed for path
[0908/054959:WARNING:quota_manager.cc(1833)] Create directory failed for path
[0908/061959:WARNING:quota_manager.cc(1833)] Create directory failed for path
[0908/064959:WARNING:quota_manager.cc(1833)] Create directory failed for path
[0908/071959:WARNING:quota_manager.cc(1833)] Create directory failed for path
[0908/074959:WARNING:quota_manager.cc(1833)] Create directory failed for path
[0908/081959:WARNING:quota_manager.cc(1833)] Create directory failed for path
[0908/084959:WARNING:quota_manager.cc(1833)] Create directory failed for path
[0908/091959:WARNING:quota_manager.cc(1833)] Create directory failed for path
[0908/094959:WARNING:quota_manager.cc(1833)] Create directory failed for path
[0908/101959:WARNING:quota_manager.cc(1833)] Create directory failed for path
[0908/104959:WARNING:quota_manager.cc(1833)] Create directory failed for path
[0908/111959:WARNING:quota_manager.cc(1833)] Create directory failed for path
[0908/114959:WARNING:quota_manager.cc(1833)] Create directory failed for path
[0908/121959:WARNING:quota_manager.cc(1833)] Create directory failed for path
[0908/124959:WARNING:quota_manager.cc(1833)] Create directory failed for path
[0908/131959:WARNING:quota_manager.cc(1833)] Create directory failed for path
[0908/134959:WARNING:quota_manager.cc(1833)] Create directory failed for path
[0908/141959:WARNING:quota_manager.cc(1833)] Create directory failed for path
[0908/144959:WARNING:quota_manager.cc(1833)] Create directory failed for path
[0908/151959:WARNING:quota_manager.cc(1833)] Create directory failed for path
[0908/154959:WARNING:quota_manager.cc(1833)] Create directory failed for path
[0908/161959:WARNING:quota_manager.cc(1833)] Create directory failed for path
[0908/164959:WARNING:quota_manager.cc(1833)] Create directory failed for path
[0908/171959:WARNING:quota_manager.cc(1833)] Create directory failed for path
[0908/174959:WARNING:quota_manager.cc(1833)] Create directory failed for path
[0908/181959:WARNING:quota_manager.cc(1833)] Create directory failed for path
[0908/184959:WARNING:quota_manager.cc(1833)] Create directory failed for path
[0908/191959:WARNING:quota_manager.cc(1833)] Create directory failed for path
[0908/194959:WARNING:quota_manager.cc(1833)] Create directory failed for path
[0908/202003:WARNING:quota_manager.cc(1833)] Create directory failed for path
[0908/205003:WARNING:quota_manager.cc(1833)] Create directory failed for path
[0908/212003:WARNING:quota_manager.cc(1833)] Create directory failed for path
[0908/215003:WARNING:quota_manager.cc(1833)] Create directory failed for path
[0908/222003:WARNING:quota_manager.cc(1833)] Create directory failed for path
[0908/225003:WARNING:quota_manager.cc(1833)] Create directory failed for path
[0908/232003:WARNING:quota_manager.cc(1833)] Create directory failed for path
[0908/235003:WARNING:quota_manager.cc(1833)] Create directory failed for path
[0909/002003:WARNING:quota_manager.cc(1833)] Create directory failed for path
[0909/005003:WARNING:quota_manager.cc(1833)] Create directory failed for path
[0909/012003:WARNING:quota_manager.cc(1833)] Create directory failed for path
[0909/015003:WARNING:quota_manager.cc(1833)] Create directory failed for path
[0909/022003:WARNING:quota_manager.cc(1833)] Create directory failed for path
[0909/025003:WARNING:quota_manager.cc(1833)] Create directory failed for path
[0909/032003:WARNING:quota_manager.cc(1833)] Create directory failed for path
[0909/035003:WARNING:quota_manager.cc(1833)] Create directory failed for path
[0909/042003:WARNING:quota_manager.cc(1833)] Create directory failed for path
[0909/045003:WARNING:quota_manager.cc(1833)] Create directory failed for path
[0909/052003:WARNING:quota_manager.cc(1833)] Create directory failed for path
[0909/055003:WARNING:quota_manager.cc(1833)] Create directory failed for path
[0909/062003:WARNING:quota_manager.cc(1833)] Create directory failed for path
[0909/065003:WARNING:quota_manager.cc(1833)] Create directory failed for path
[0909/072003:WARNING:quota_manager.cc(1833)] Create directory failed for path
[0910/164204:WARNING:quota_manager.cc(1833)] Create directory failed for path
[0910/171204:WARNING:quota_manager.cc(1833)] Create directory failed for path
[0910/172439:WARNING:webmediaplayer_impl.cc(341)] Using MultibufferDataSource
[0910/172439:WARNING:webmediaplayer_impl.cc(341)] Using MultibufferDataSource
[0910/172440:WARNING:quota_manager.cc(1833)] Create directory failed for path
[0910/172440:ERROR:waituntilobserver.cpp(144)] NOT IMPLEMENTED
[0910/172523:WARNING:url_request_job_manager.cc(89)] Failed to map: weixin://resourceid/blank
[0910/174204:WARNING:quota_manager.cc(1833)] Create directory failed for path
[0910/181204:WARNING:quota_manager.cc(1833)] Create directory failed for path
[0910/184204:WARNING:quota_manager.cc(1833)] Create directory failed for path
[0910/191204:WARNING:quota_manager.cc(1833)] Create directory failed for path
[0910/194204:WARNING:quota_manager.cc(1833)] Create directory failed for path
[0910/201207:WARNING:quota_manager.cc(1833)] Create directory failed for path
[0910/204207:WARNING:quota_manager.cc(1833)] Create directory failed for path
[0910/211207:WARNING:quota_manager.cc(1833)] Create directory failed for path
[0910/214207:WARNING:quota_manager.cc(1833)] Create directory failed for path
[0910/221207:WARNING:quota_manager.cc(1833)] Create directory failed for path
[0910/224207:WARNING:quota_manager.cc(1833)] Create directory failed for path
[0910/231207:WARNING:quota_manager.cc(1833)] Create directory failed for path
[0910/234207:WARNING:quota_manager.cc(1833)] Create directory failed for path
[0911/001207:WARNING:quota_manager.cc(1833)] Create directory failed for path
[0911/004207:WARNING:quota_manager.cc(1833)] Create directory failed for path
[0911/011207:WARNING:quota_manager.cc(1833)] Create directory failed for path
[0911/014207:WARNING:quota_manager.cc(1833)] Create directory failed for path
[0911/021207:WARNING:quota_manager.cc(1833)] Create directory failed for path
[0911/024207:WARNING:quota_manager.cc(1833)] Create directory failed for path
[0911/031207:WARNING:quota_manager.cc(1833)] Create directory failed for path
[0911/034207:WARNING:quota_manager.cc(1833)] Create directory failed for path
[0911/041208:WARNING:quota_manager.cc(1833)] Create directory failed for path
[0911/044208:WARNING:quota_manager.cc(1833)] Create directory failed for path
[0911/051208:WARNING:quota_manager.cc(1833)] Create directory failed for path
[0911/054208:WARNING:quota_manager.cc(1833)] Create directory failed for path
[0911/061208:WARNING:quota_manager.cc(1833)] Create directory failed for path
[0911/064208:WARNING:quota_manager.cc(1833)] Create directory failed for path
[0911/071208:WARNING:quota_manager.cc(1833)] Create directory failed for path
[0911/074208:WARNING:quota_manager.cc(1833)] Create directory failed for path
[0911/081208:WARNING:quota_manager.cc(1833)] Create directory failed for path
[0911/084208:WARNING:quota_manager.cc(1833)] Create directory failed for path
[0911/091208:WARNING:quota_manager.cc(1833)] Create directory failed for path
[0911/094208:WARNING:quota_manager.cc(1833)] Create directory failed for path
[0911/101208:WARNING:quota_manager.cc(1833)] Create directory failed for path
[0911/102248:WARNING:webmediaplayer_impl.cc(341)] Using MultibufferDataSource
[0911/102248:WARNING:webmediaplayer_impl.cc(341)] Using MultibufferDataSource
[0911/102249:WARNING:quota_manager.cc(1833)] Create directory failed for path
[0911/102249:ERROR:waituntilobserver.cpp(144)] NOT IMPLEMENTED
[0911/102256:WARNING:url_request_job_manager.cc(89)] Failed to map: weixin://resourceid/blank
[0911/104208:WARNING:quota_manager.cc(1833)] Create directory failed for path
[0911/111208:WARNING:quota_manager.cc(1833)] Create directory failed for path
[0911/114210:WARNING:quota_manager.cc(1833)] Create directory failed for path
[0911/121210:WARNING:quota_manager.cc(1833)] Create directory failed for path
[0911/124210:WARNING:quota_manager.cc(1833)] Create directory failed for path
[0911/131210:WARNING:quota_manager.cc(1833)] Create directory failed for path
[0911/134210:WARNING:quota_manager.cc(1833)] Create directory failed for path
[0911/141210:WARNING:quota_manager.cc(1833)] Create directory failed for path
[0911/144210:WARNING:quota_manager.cc(1833)] Create directory failed for path
[0911/151210:WARNING:quota_manager.cc(1833)] Create directory failed for path
[0911/154210:WARNING:quota_manager.cc(1833)] Create directory failed for path
[0911/161210:WARNING:quota_manager.cc(1833)] Create directory failed for path
[0911/164210:WARNING:quota_manager.cc(1833)] Create directory failed for path
[0911/171210:WARNING:quota_manager.cc(1833)] Create directory failed for path
[0911/174210:WARNING:quota_manager.cc(1833)] Create directory failed for path
[0911/181210:WARNING:quota_manager.cc(1833)] Create directory failed for path
[0911/184210:WARNING:quota_manager.cc(1833)] Create directory failed for path
[0911/191210:WARNING:quota_manager.cc(1833)] Create directory failed for path
[0911/194210:WARNING:quota_manager.cc(1833)] Create directory failed for path
[0911/201210:WARNING:quota_manager.cc(1833)] Create directory failed for path
[0911/204210:WARNING:quota_manager.cc(1833)] Create directory failed for path
[0911/211210:WARNING:quota_manager.cc(1833)] Create directory failed for path
[0911/214210:WARNING:quota_manager.cc(1833)] Create directory failed for path
[0911/221210:WARNING:quota_manager.cc(1833)] Create directory failed for path
[0911/224210:WARNING:quota_manager.cc(1833)] Create directory failed for path
[0911/231210:WARNING:quota_manager.cc(1833)] Create directory failed for path
[0911/234210:WARNING:quota_manager.cc(1833)] Create directory failed for path
[0912/001210:WARNING:quota_manager.cc(1833)] Create directory failed for path
[0912/004210:WARNING:quota_manager.cc(1833)] Create directory failed for path
[0912/011210:WARNING:quota_manager.cc(1833)] Create directory failed for path
[0912/014210:WARNING:quota_manager.cc(1833)] Create directory failed for path
[0912/021210:WARNING:quota_manager.cc(1833)] Create directory failed for path
[0912/024210:WARNING:quota_manager.cc(1833)] Create directory failed for path
[0912/031210:WARNING:quota_manager.cc(1833)] Create directory failed for path
[0912/034210:WARNING:quota_manager.cc(1833)] Create directory failed for path
[0912/041210:WARNING:quota_manager.cc(1833)] Create directory failed for path
[0912/044210:WARNING:quota_manager.cc(1833)] Create directory failed for path
[0912/051210:WARNING:quota_manager.cc(1833)] Create directory failed for path
[0912/054210:WARNING:quota_manager.cc(1833)] Create directory failed for path
[0912/061210:WARNING:quota_manager.cc(1833)] Create directory failed for path
[0912/064210:WARNING:quota_manager.cc(1833)] Create directory failed for path
[0912/071210:WARNING:quota_manager.cc(1833)] Create directory failed for path
[0912/074210:WARNING:quota_manager.cc(1833)] Create directory failed for path
[0912/081210:WARNING:quota_manager.cc(1833)] Create directory failed for path
[0912/084210:WARNING:quota_manager.cc(1833)] Create directory failed for path
[0912/091210:WARNING:quota_manager.cc(1833)] Create directory failed for path
[0912/094210:WARNING:quota_manager.cc(1833)] Create directory failed for path
[0912/101210:WARNING:quota_manager.cc(1833)] Create directory failed for path
[0912/103134:WARNING:url_request_job_manager.cc(89)] Failed to map: weixin://resourceid/blank
[0912/103140:WARNING:quota_manager.cc(1833)] Create directory failed for path
[0912/103140:ERROR:waituntilobserver.cpp(144)] NOT IMPLEMENTED
[0912/103141:WARNING:quota_manager.cc(1833)] Create directory failed for path
[0912/103149:WARNING:url_request_job_manager.cc(89)] Failed to map: weixin://resourceid/blank
[0912/104210:WARNING:quota_manager.cc(1833)] Create directory failed for path
[0912/111210:WARNING:quota_manager.cc(1833)] Create directory failed for path
[0912/114210:WARNING:quota_manager.cc(1833)] Create directory failed for path
[0912/121210:WARNING:quota_manager.cc(1833)] Create directory failed for path
[0912/124210:WARNING:quota_manager.cc(1833)] Create directory failed for path
[0912/131210:WARNING:quota_manager.cc(1833)] Create directory failed for path
[0912/134210:WARNING:quota_manager.cc(1833)] Create directory failed for path
[0912/141210:WARNING:quota_manager.cc(1833)] Create directory failed for path
[0912/144210:WARNING:quota_manager.cc(1833)] Create directory failed for path
[0912/151210:WARNING:quota_manager.cc(1833)] Create directory failed for path
[0912/154210:WARNING:quota_manager.cc(1833)] Create directory failed for path
[0912/161210:WARNING:quota_manager.cc(1833)] Create directory failed for path
[0912/164210:WARNING:quota_manager.cc(1833)] Create directory failed for path
[0912/171210:WARNING:quota_manager.cc(1833)] Create directory failed for path
[0912/174210:WARNING:quota_manager.cc(1833)] Create directory failed for path
[0912/181210:WARNING:quota_manager.cc(1833)] Create directory failed for path
[0912/184210:WARNING:quota_manager.cc(1833)] Create directory failed for path
[0912/191210:WARNING:quota_manager.cc(1833)] Create directory failed for path
[0912/194210:WARNING:quota_manager.cc(1833)] Create directory failed for path
[0912/201215:WARNING:quota_manager.cc(1833)] Create directory failed for path
[0912/204215:WARNING:quota_manager.cc(1833)] Create directory failed for path
[0912/211215:WARNING:quota_manager.cc(1833)] Create directory failed for path
[0912/214215:WARNING:quota_manager.cc(1833)] Create directory failed for path
[0912/221215:WARNING:quota_manager.cc(1833)] Create directory failed for path
[0912/224215:WARNING:quota_manager.cc(1833)] Create directory failed for path
[0912/231215:WARNING:quota_manager.cc(1833)] Create directory failed for path
[0912/234215:WARNING:quota_manager.cc(1833)] Create directory failed for path
[0913/001215:WARNING:quota_manager.cc(1833)] Create directory failed for path
[0913/004215:WARNING:quota_manager.cc(1833)] Create directory failed for path
[0913/011215:WARNING:quota_manager.cc(1833)] Create directory failed for path
[0913/014215:WARNING:quota_manager.cc(1833)] Create directory failed for path
[0913/021215:WARNING:quota_manager.cc(1833)] Create directory failed for path
[0913/024215:WARNING:quota_manager.cc(1833)] Create directory failed for path
[0913/031215:WARNING:quota_manager.cc(1833)] Create directory failed for path
[0913/034215:WARNING:quota_manager.cc(1833)] Create directory failed for path
[0913/041215:WARNING:quota_manager.cc(1833)] Create directory failed for path
[0913/044215:WARNING:quota_manager.cc(1833)] Create directory failed for path
[0913/051215:WARNING:quota_manager.cc(1833)] Create directory failed for path
[0913/054215:WARNING:quota_manager.cc(1833)] Create directory failed for path
[0913/061215:WARNING:quota_manager.cc(1833)] Create directory failed for path
[0913/064215:WARNING:quota_manager.cc(1833)] Create directory failed for path
[0913/071215:WARNING:quota_manager.cc(1833)] Create directory failed for path
[0913/074215:WARNING:quota_manager.cc(1833)] Create directory failed for path
[0913/081215:WARNING:quota_manager.cc(1833)] Create directory failed for path
[0913/084215:WARNING:quota_manager.cc(1833)] Create directory failed for path
[0913/091215:WARNING:quota_manager.cc(1833)] Create directory failed for path
[0913/094215:WARNING:quota_manager.cc(1833)] Create directory failed for path
[0913/101215:WARNING:quota_manager.cc(1833)] Create directory failed for path
[0913/104215:WARNING:quota_manager.cc(1833)] Create directory failed for path
[0913/111215:WARNING:quota_manager.cc(1833)] Create directory failed for path
[0913/114215:WARNING:quota_manager.cc(1833)] Create directory failed for path
[0913/121215:WARNING:quota_manager.cc(1833)] Create directory failed for path
[0913/124215:WARNING:quota_manager.cc(1833)] Create directory failed for path
[0913/131215:WARNING:quota_manager.cc(1833)] Create directory failed for path
[0913/134215:WARNING:quota_manager.cc(1833)] Create directory failed for path
[0913/141215:WARNING:quota_manager.cc(1833)] Create directory failed for path
[0913/144215:WARNING:quota_manager.cc(1833)] Create directory failed for path
[0913/151215:WARNING:quota_manager.cc(1833)] Create directory failed for path
[0913/154215:WARNING:quota_manager.cc(1833)] Create directory failed for path
[0913/161215:WARNING:quota_manager.cc(1833)] Create directory failed for path
[0913/161416:WARNING:url_request_job_manager.cc(89)] Failed to map: weixin://resourceid/blank
[0913/161421:WARNING:url_request_job_manager.cc(89)] Failed to map: weixin://resourceid/blank
[0913/164215:WARNING:quota_manager.cc(1833)] Create directory failed for path
[0913/171215:WARNING:quota_manager.cc(1833)] Create directory failed for path
[0913/172930:WARNING:url_request_job_manager.cc(89)] Failed to map: weixin://resourceid/blank
[0913/172945:WARNING:url_request_job_manager.cc(89)] Failed to map: weixin://resourceid/blank
[0913/173113:WARNING:url_request_job_manager.cc(89)] Failed to map: weixin://resourceid/blank
[0913/173128:WARNING:url_request_job_manager.cc(89)] Failed to map: weixin://resourceid/blank
[0913/174123:WARNING:quota_manager.cc(1833)] Create directory failed for path
[0913/174123:ERROR:waituntilobserver.cpp(144)] NOT IMPLEMENTED
[0913/174138:WARNING:url_request_job_manager.cc(89)] Failed to map: weixin://resourceid/blank
[0913/174215:WARNING:quota_manager.cc(1833)] Create directory failed for path
[0913/181215:WARNING:quota_manager.cc(1833)] Create directory failed for path
[0913/184215:WARNING:quota_manager.cc(1833)] Create directory failed for path
[0913/191215:WARNING:quota_manager.cc(1833)] Create directory failed for path
[0913/194215:WARNING:quota_manager.cc(1833)] Create directory failed for path
[0913/201215:WARNING:quota_manager.cc(1833)] Create directory failed for path
[0913/204215:WARNING:quota_manager.cc(1833)] Create directory failed for path
[0913/211215:WARNING:quota_manager.cc(1833)] Create directory failed for path
[0913/214219:WARNING:quota_manager.cc(1833)] Create directory failed for path
[0913/221219:WARNING:quota_manager.cc(1833)] Create directory failed for path
[0913/224219:WARNING:quota_manager.cc(1833)] Create directory failed for path
[0913/231219:WARNING:quota_manager.cc(1833)] Create directory failed for path
[0913/234219:WARNING:quota_manager.cc(1833)] Create directory failed for path
[0914/001219:WARNING:quota_manager.cc(1833)] Create directory failed for path
[0914/004219:WARNING:quota_manager.cc(1833)] Create directory failed for path
[0914/011219:WARNING:quota_manager.cc(1833)] Create directory failed for path
[0914/014219:WARNING:quota_manager.cc(1833)] Create directory failed for path
[0914/021219:WARNING:quota_manager.cc(1833)] Create directory failed for path
[0914/024219:WARNING:quota_manager.cc(1833)] Create directory failed for path
[0914/031219:WARNING:quota_manager.cc(1833)] Create directory failed for path
[0914/034219:WARNING:quota_manager.cc(1833)] Create directory failed for path
[0914/041219:WARNING:quota_manager.cc(1833)] Create directory failed for path
[0914/044219:WARNING:quota_manager.cc(1833)] Create directory failed for path
[0914/051219:WARNING:quota_manager.cc(1833)] Create directory failed for path
[0914/054219:WARNING:quota_manager.cc(1833)] Create directory failed for path
[0914/061219:WARNING:quota_manager.cc(1833)] Create directory failed for path
[0914/064219:WARNING:quota_manager.cc(1833)] Create directory failed for path
[0914/071219:WARNING:quota_manager.cc(1833)] Create directory failed for path
[0914/074219:WARNING:quota_manager.cc(1833)] Create directory failed for path
[0914/081219:WARNING:quota_manager.cc(1833)] Create directory failed for path
[0914/084219:WARNING:quota_manager.cc(1833)] Create directory failed for path
[0914/091219:WARNING:quota_manager.cc(1833)] Create directory failed for path
[0914/094219:WARNING:quota_manager.cc(1833)] Create directory failed for path
[0914/101219:WARNING:quota_manager.cc(1833)] Create directory failed for path
[0914/104219:WARNING:quota_manager.cc(1833)] Create directory failed for path
[0914/111219:WARNING:quota_manager.cc(1833)] Create directory failed for path
[0914/114219:WARNING:quota_manager.cc(1833)] Create directory failed for path
[0914/121219:WARNING:quota_manager.cc(1833)] Create directory failed for path
[0914/124219:WARNING:quota_manager.cc(1833)] Create directory failed for path
[0914/131219:WARNING:quota_manager.cc(1833)] Create directory failed for path
[0914/134219:WARNING:quota_manager.cc(1833)] Create directory failed for path
[0914/141219:WARNING:quota_manager.cc(1833)] Create directory failed for path
[0914/144219:WARNING:quota_manager.cc(1833)] Create directory failed for path
[0914/151219:WARNING:quota_manager.cc(1833)] Create directory failed for path
[0914/154219:WARNING:quota_manager.cc(1833)] Create directory failed for path
[0914/161219:WARNING:quota_manager.cc(1833)] Create directory failed for path
[0914/164219:WARNING:quota_manager.cc(1833)] Create directory failed for path
[0914/171219:WARNING:quota_manager.cc(1833)] Create directory failed for path
[0914/174219:WARNING:quota_manager.cc(1833)] Create directory failed for path
[0918/170650:INFO:http_cache_transaction.cc(72)] IgnoreZeroCacheError: 0
[0918/170651:WARNING:quota_manager.cc(1833)] Create directory failed for path
[0918/170651:WARNING:quota_manager.cc(1833)] Create directory failed for path
[0918/170652:WARNING:quota_manager.cc(1833)] Create directory failed for path
[0918/173651:WARNING:quota_manager.cc(1833)] Create directory failed for path
[0918/175318:WARNING:url_request_job_manager.cc(89)] Failed to map: weixin://resourceid/blank
[0918/180651:WARNING:quota_manager.cc(1833)] Create directory failed for path
[0918/183651:WARNING:quota_manager.cc(1833)] Create directory failed for path
[0918/190651:WARNING:quota_manager.cc(1833)] Create directory failed for path
[0918/193651:WARNING:quota_manager.cc(1833)] Create directory failed for path
[0918/200651:WARNING:quota_manager.cc(1833)] Create directory failed for path
[0918/203653:WARNING:quota_manager.cc(1833)] Create directory failed for path
[0918/210653:WARNING:quota_manager.cc(1833)] Create directory failed for path
[0918/213653:WARNING:quota_manager.cc(1833)] Create directory failed for path
[0918/220653:WARNING:quota_manager.cc(1833)] Create directory failed for path
[0918/223653:WARNING:quota_manager.cc(1833)] Create directory failed for path
[0918/230653:WARNING:quota_manager.cc(1833)] Create directory failed for path
[0918/233653:WARNING:quota_manager.cc(1833)] Create directory failed for path
[0919/000653:WARNING:quota_manager.cc(1833)] Create directory failed for path
[0919/003653:WARNING:quota_manager.cc(1833)] Create directory failed for path
[0919/010653:WARNING:quota_manager.cc(1833)] Create directory failed for path
[0919/013653:WARNING:quota_manager.cc(1833)] Create directory failed for path
[0919/020653:WARNING:quota_manager.cc(1833)] Create directory failed for path
[0919/023653:WARNING:quota_manager.cc(1833)] Create directory failed for path
[0919/030653:WARNING:quota_manager.cc(1833)] Create directory failed for path
[0919/033653:WARNING:quota_manager.cc(1833)] Create directory failed for path
[0919/040653:WARNING:quota_manager.cc(1833)] Create directory failed for path
[0919/043653:WARNING:quota_manager.cc(1833)] Create directory failed for path
[0919/050653:WARNING:quota_manager.cc(1833)] Create directory failed for path
[0919/053653:WARNING:quota_manager.cc(1833)] Create directory failed for path
[0919/060653:WARNING:quota_manager.cc(1833)] Create directory failed for path
[0919/063653:WARNING:quota_manager.cc(1833)] Create directory failed for path
[0919/070653:WARNING:quota_manager.cc(1833)] Create directory failed for path
[0919/073653:WARNING:quota_manager.cc(1833)] Create directory failed for path
[0919/080653:WARNING:quota_manager.cc(1833)] Create directory failed for path
[0919/083653:WARNING:quota_manager.cc(1833)] Create directory failed for path
[0919/090653:WARNING:quota_manager.cc(1833)] Create directory failed for path
[0919/093653:WARNING:quota_manager.cc(1833)] Create directory failed for path
[0919/100653:WARNING:quota_manager.cc(1833)] Create directory failed for path
[0919/103653:WARNING:quota_manager.cc(1833)] Create directory failed for path
[0919/110653:WARNING:quota_manager.cc(1833)] Create directory failed for path
[0919/113653:WARNING:quota_manager.cc(1833)] Create directory failed for path
[0919/120653:WARNING:quota_manager.cc(1833)] Create directory failed for path
[0919/123653:WARNING:quota_manager.cc(1833)] Create directory failed for path
[0919/130653:WARNING:quota_manager.cc(1833)] Create directory failed for path
[0919/133653:WARNING:quota_manager.cc(1833)] Create directory failed for path
[0919/140653:WARNING:quota_manager.cc(1833)] Create directory failed for path
[0919/143653:WARNING:quota_manager.cc(1833)] Create directory failed for path
[0919/150653:WARNING:quota_manager.cc(1833)] Create directory failed for path
[0919/153653:WARNING:quota_manager.cc(1833)] Create directory failed for path
[0919/160653:WARNING:quota_manager.cc(1833)] Create directory failed for path
[0919/163653:WARNING:quota_manager.cc(1833)] Create directory failed for path
[0919/170653:WARNING:quota_manager.cc(1833)] Create directory failed for path
[0919/173654:WARNING:quota_manager.cc(1833)] Create directory failed for path
[0919/180654:WARNING:quota_manager.cc(1833)] Create directory failed for path
[0919/183654:WARNING:quota_manager.cc(1833)] Create directory failed for path
[0919/190654:WARNING:quota_manager.cc(1833)] Create directory failed for path
[0919/193654:WARNING:quota_manager.cc(1833)] Create directory failed for path
[0919/200654:WARNING:quota_manager.cc(1833)] Create directory failed for path
[0919/203654:WARNING:quota_manager.cc(1833)] Create directory failed for path
[0919/210654:WARNING:quota_manager.cc(1833)] Create directory failed for path
[0919/213654:WARNING:quota_manager.cc(1833)] Create directory failed for path
[0919/220658:WARNING:quota_manager.cc(1833)] Create directory failed for path
[0919/223658:WARNING:quota_manager.cc(1833)] Create directory failed for path
[0919/230658:WARNING:quota_manager.cc(1833)] Create directory failed for path
[0919/233658:WARNING:quota_manager.cc(1833)] Create directory failed for path
[0920/000658:WARNING:quota_manager.cc(1833)] Create directory failed for path
[0920/003658:WARNING:quota_manager.cc(1833)] Create directory failed for path
[1009/104134:INFO:http_cache_transaction.cc(72)] IgnoreZeroCacheError: 0
[1009/104135:WARNING:quota_manager.cc(1833)] Create directory failed for path
[1009/104135:WARNING:quota_manager.cc(1833)] Create directory failed for path
[1009/104136:WARNING:quota_manager.cc(1833)] Create directory failed for path
[1009/104238:WARNING:quota_manager.cc(1833)] Create directory failed for path
[1009/104300:WARNING:url_request_job_manager.cc(89)] Failed to map: weixin://resourceid/blank
[1009/111135:WARNING:quota_manager.cc(1833)] Create directory failed for path
[1009/114135:WARNING:quota_manager.cc(1833)] Create directory failed for path
[1009/121135:WARNING:quota_manager.cc(1833)] Create directory failed for path
[1009/124135:WARNING:quota_manager.cc(1833)] Create directory failed for path
[1009/131135:WARNING:quota_manager.cc(1833)] Create directory failed for path
[1009/134135:WARNING:quota_manager.cc(1833)] Create directory failed for path
[1009/141135:WARNING:quota_manager.cc(1833)] Create directory failed for path
[1009/144135:WARNING:quota_manager.cc(1833)] Create directory failed for path
[1009/151135:WARNING:quota_manager.cc(1833)] Create directory failed for path
[1009/154135:WARNING:quota_manager.cc(1833)] Create directory failed for path
[1009/161135:WARNING:quota_manager.cc(1833)] Create directory failed for path
[1009/164136:WARNING:quota_manager.cc(1833)] Create directory failed for path
[1009/170910:WARNING:quota_manager.cc(1833)] Create directory failed for path
[1009/170910:ERROR:waituntilobserver.cpp(144)] NOT IMPLEMENTED
[1009/170926:WARNING:quota_manager.cc(1833)] Create directory failed for path
[1009/170941:WARNING:url_request_job_manager.cc(89)] Failed to map: weixin://resourceid/blank
